2026-07-15 19:45:04,256 [INFO] ==========================================================
2026-07-15 19:45:04,257 [INFO] СТАРТ КОМПЛЕКСНОЙ НОЧНОЙ ОПТИМИЗАЦИИ И АНАЛИЗА ЧУВСТВИТЕЛЬНОСТИ
2026-07-15 19:45:04,257 [INFO] Лог-файл: C:\THz-Unified-Optimizer\results\overnight_execution.log
2026-07-15 19:45:04,257 [INFO] ==========================================================
2026-07-15 19:45:15,719 [INFO] ==========================================================
2026-07-15 19:45:15,719 [INFO] СТАРТ КОМПЛЕКСНОЙ НОЧНОЙ ОПТИМИЗАЦИИ И АНАЛИЗА ЧУВСТВИТЕЛЬНОСТИ
2026-07-15 19:45:15,720 [INFO] Лог-файл: C:\THz-Unified-Optimizer\results\overnight_execution.log
2026-07-15 19:45:15,720 [INFO] ==========================================================
2026-07-15 19:45:15,869 [INFO] Включен режим DRY-RUN: Обработка только первой серии.
2026-07-15 19:45:15,869 [INFO] 
>>> ОБРАБОТКА СЕРИИ: 356att <<<
2026-07-15 19:45:15,870 [INFO] Загружено точек по углам: 19
2026-07-15 19:45:15,870 [INFO] [356att] 1D Интегральная оптимизация...
2026-07-15 19:47:04,467 [INFO] ==========================================================
2026-07-15 19:47:04,467 [INFO] СТАРТ КОМПЛЕКСНОЙ НОЧНОЙ ОПТИМИЗАЦИИ И АНАЛИЗА ЧУВСТВИТЕЛЬНОСТИ
2026-07-15 19:47:04,468 [INFO] Лог-файл: C:\THz-Unified-Optimizer\results\overnight_execution.log
2026-07-15 19:47:04,468 [INFO] ==========================================================
2026-07-15 19:47:04,669 [INFO] 
>>> ОБРАБОТКА СЕРИИ: 356att <<<
2026-07-15 19:47:04,669 [INFO] Загружено точек по углам: 19
2026-07-15 19:47:04,669 [INFO] [356att] 1D Интегральная оптимизация...
2026-07-15 19:47:58,346 [INFO] [356att] 1D Завершена (162.48c). P=15.737 мкм, D=5.995 мкм
2026-07-15 19:47:58,346 [INFO] [356att] 2D Комплексная оптимизация (Амплитуда + Фаза)...
2026-07-15 19:48:28,948 [INFO] [356att] 2D Завершена (30.60c). P=15.500 мкм, D=4.081 мкм, theta_off=-0.01 deg, loss=0.368, tau_ps=0.031
2026-07-15 19:48:28,950 [INFO] Отчет успешно сформирован: C:\THz-Unified-Optimizer\docs\artifacts\overnight_comprehensive_report.md
2026-07-15 19:48:28,950 [INFO] ==========================================================
2026-07-15 19:48:28,950 [INFO] ЗАВЕРШЕНО УСПЕШНО
2026-07-15 19:48:28,950 [INFO] ==========================================================
2026-07-15 19:49:46,231 [INFO] [356att] 1D Завершена (161.56c). P=15.737 мкм, D=5.995 мкм
2026-07-15 19:49:46,231 [INFO] [356att] 2D Комплексная оптимизация (Амплитуда + Фаза)...
2026-07-15 19:50:13,581 [INFO] [356att] 2D Завершена (27.35c). P=15.500 мкм, D=4.081 мкм, theta_off=-0.01 deg, loss=0.368, tau_ps=0.031
2026-07-15 19:50:13,582 [INFO] 
>>> ОБРАБОТКА СЕРИИ: series1 <<<
2026-07-15 19:50:13,582 [INFO] Загружено точек по углам: 19
2026-07-15 19:50:13,582 [INFO] [series1] 1D Интегральная оптимизация...
2026-07-15 19:54:12,444 [INFO] [series1] 1D Завершена (238.86c). P=17.200 мкм, D=8.975 мкм
2026-07-15 19:54:12,444 [INFO] [series1] 2D Комплексная оптимизация (Амплитуда + Фаза)...
2026-07-15 19:54:38,499 [INFO] [series1] 2D Завершена (26.06c). P=15.500 мкм, D=8.501 мкм, theta_off=-0.02 deg, loss=1.039, tau_ps=0.018
2026-07-15 19:54:38,500 [INFO] 
>>> ОБРАБОТКА СЕРИИ: series2 <<<
2026-07-15 19:54:38,501 [INFO] Загружено точек по углам: 19
2026-07-15 19:54:38,501 [INFO] [series2] 1D Интегральная оптимизация...
2026-07-15 19:57:12,535 [INFO] [series2] 1D Завершена (154.03c). P=16.805 мкм, D=4.203 мкм
2026-07-15 19:57:12,535 [INFO] [series2] 2D Комплексная оптимизация (Амплитуда + Фаза)...
2026-07-15 19:57:35,951 [INFO] [series2] 2D Завершена (23.42c). P=15.500 мкм, D=5.362 мкм, theta_off=-0.03 deg, loss=0.560, tau_ps=0.037
2026-07-15 19:57:35,952 [INFO] 
>>> ОБРАБОТКА СЕРИИ: series3 <<<
2026-07-15 19:57:35,953 [INFO] Загружено точек по углам: 12
2026-07-15 19:57:35,953 [INFO] [series3] 1D Интегральная оптимизация...
2026-07-15 20:02:00,360 [INFO] [series3] 1D Завершена (264.41c). P=16.074 мкм, D=5.800 мкм
2026-07-15 20:02:00,360 [INFO] [series3] 2D Комплексная оптимизация (Амплитуда + Фаза)...
2026-07-15 20:02:18,320 [INFO] [series3] 2D Завершена (17.96c). P=15.500 мкм, D=4.096 мкм, theta_off=-0.01 deg, loss=0.159, tau_ps=0.031
2026-07-15 20:02:18,321 [INFO] 
>>> ОБРАБОТКА СЕРИИ: series4 <<<
2026-07-15 20:02:18,321 [INFO] Загружено точек по углам: 1
2026-07-15 20:02:18,322 [INFO] [series4] 1D Интегральная оптимизация...
2026-07-15 20:02:19,549 [INFO] [series4] 1D Завершена (1.23c). P=16.000 мкм, D=5.500 мкм
2026-07-15 20:02:19,550 [INFO] [series4] 2D Комплексная оптимизация (Амплитуда + Фаза)...
2026-07-15 20:02:27,820 [INFO] [series4] 2D Завершена (8.27c). P=15.500 мкм, D=15.500 мкм, theta_off=0.00 deg, loss=0.000, tau_ps=0.006
2026-07-15 20:02:27,821 [INFO] 
>>> ОБРАБОТКА СЕРИИ: series5 <<<
2026-07-15 20:02:27,821 [INFO] Загружено точек по углам: 1
2026-07-15 20:02:27,821 [INFO] [series5] 1D Интегральная оптимизация...
2026-07-15 20:02:29,032 [INFO] [series5] 1D Завершена (1.21c). P=16.000 мкм, D=5.500 мкм
2026-07-15 20:02:29,032 [INFO] [series5] 2D Комплексная оптимизация (Амплитуда + Фаза)...
2026-07-15 20:03:11,849 [INFO] [series5] 2D Завершена (42.82c). P=15.500 мкм, D=13.763 мкм, theta_off=-0.04 deg, loss=0.058, tau_ps=0.020
2026-07-15 20:03:11,850 [INFO] 
>>> ОБРАБОТКА GLOBAL AVERAGE <<<
2026-07-15 20:03:11,851 [INFO] [Global_Average] 1D Оптимизация...
2026-07-15 20:05:59,466 [INFO] [Global_Average] 2D Комплексная оптимизация...
2026-07-15 20:06:05,131 [INFO] Отчет успешно сформирован: C:\THz-Unified-Optimizer\docs\artifacts\overnight_comprehensive_report.md
2026-07-15 20:06:05,132 [INFO] ==========================================================
2026-07-15 20:06:05,132 [INFO] ЗАВЕРШЕНО УСПЕШНО
2026-07-15 20:06:05,132 [INFO] ==========================================================
